{"/Users/jasonchen/lighthouse/scheduler/src/main.jsx": {"path":"/Users/jasonchen/lighthouse/scheduler/src/main.jsx","statementMap":{"0":{"start":{"line":8,"column":13},"end":{"line":8,"column":65}},"1":{"start":{"line":9,"column":0},"end":{"line":13,"column":2}}},"fnMap":{},"branchMap":{},"s":{"0":0,"1":0},"f":{},"b":{}}
,"/Users/jasonchen/lighthouse/scheduler/src/setupTests.js": {"path":"/Users/jasonchen/lighthouse/scheduler/src/setupTests.js","statementMap":{},"fnMap":{},"branchMap":{},"s":{},"f":{},"b":{}}
,"/Users/jasonchen/lighthouse/scheduler/src/components/Application.jsx": {"path":"/Users/jasonchen/lighthouse/scheduler/src/components/Application.jsx","statementMap":{"0":{"start":{"line":20,"column":6},"end":{"line":20,"column":26}},"1":{"start":{"line":22,"column":23},"end":{"line":22,"column":62}},"2":{"start":{"line":24,"column":23},"end":{"line":37,"column":3}},"3":{"start":{"line":26,"column":6},"end":{"line":35,"column":8}},"4":{"start":{"line":39,"column":2},"end":{"line":62,"column":4}}},"fnMap":{"0":{"name":"Application","decl":{"start":{"line":14,"column":24},"end":{"line":14,"column":35}},"loc":{"start":{"line":14,"column":43},"end":{"line":63,"column":1}},"line":14},"1":{"name":"(anonymous_1)","decl":{"start":{"line":25,"column":4},"end":{"line":25,"column":5}},"loc":{"start":{"line":25,"column":19},"end":{"line":36,"column":5}},"line":25}},"branchMap":{},"s":{"0":13,"1":13,"2":13,"3":16,"4":13},"f":{"0":13,"1":16},"b":{},"_coverageSchema":"1a1c01bbd47fc00a2c39e90264f33305004495a9","hash":"d257f191899ac1dec5f6dec1427f469f32b0fdc7"}
,"/Users/jasonchen/lighthouse/scheduler/src/components/Button.jsx": {"path":"/Users/jasonchen/lighthouse/scheduler/src/components/Button.jsx","statementMap":{"0":{"start":{"line":6,"column":22},"end":{"line":9,"column":4}},"1":{"start":{"line":11,"column":2},"end":{"line":19,"column":4}}},"fnMap":{"0":{"name":"Button","decl":{"start":{"line":5,"column":24},"end":{"line":5,"column":30}},"loc":{"start":{"line":5,"column":38},"end":{"line":20,"column":1}},"line":5}},"branchMap":{},"s":{"0":49,"1":49},"f":{"0":49},"b":{},"_coverageSchema":"1a1c01bbd47fc00a2c39e90264f33305004495a9","hash":"a311cf3b88e7b60fb8a963774e51b196f5af59c3"}
,"/Users/jasonchen/lighthouse/scheduler/src/components/DayList.jsx": {"path":"/Users/jasonchen/lighthouse/scheduler/src/components/DayList.jsx","statementMap":{"0":{"start":{"line":4,"column":15},"end":{"line":14,"column":4}},"1":{"start":{"line":5,"column":4},"end":{"line":13,"column":6}},"2":{"start":{"line":16,"column":2},"end":{"line":16,"column":25}}},"fnMap":{"0":{"name":"DayList","decl":{"start":{"line":3,"column":24},"end":{"line":3,"column":31}},"loc":{"start":{"line":3,"column":39},"end":{"line":17,"column":1}},"line":3},"1":{"name":"(anonymous_1)","decl":{"start":{"line":4,"column":30},"end":{"line":4,"column":31}},"loc":{"start":{"line":4,"column":37},"end":{"line":14,"column":3}},"line":4}},"branchMap":{},"s":{"0":13,"1":16,"2":13},"f":{"0":13,"1":16},"b":{},"_coverageSchema":"1a1c01bbd47fc00a2c39e90264f33305004495a9","hash":"663d4a88d1ba371484d5eb6eef2b09b4d1e47669"}
,"/Users/jasonchen/lighthouse/scheduler/src/components/DayListItem.jsx": {"path":"/Users/jasonchen/lighthouse/scheduler/src/components/DayListItem.jsx","statementMap":{"0":{"start":{"line":6,"column":2},"end":{"line":6,"column":48}},"1":{"start":{"line":6,"column":20},"end":{"line":6,"column":48}},"2":{"start":{"line":7,"column":2},"end":{"line":7,"column":46}},"3":{"start":{"line":7,"column":20},"end":{"line":7,"column":46}},"4":{"start":{"line":9,"column":2},"end":{"line":9,"column":37}},"5":{"start":{"line":13,"column":19},"end":{"line":16,"column":4}},"6":{"start":{"line":18,"column":2},"end":{"line":27,"column":4}},"7":{"start":{"line":21,"column":21},"end":{"line":21,"column":45}}},"fnMap":{"0":{"name":"formatSpots","decl":{"start":{"line":5,"column":16},"end":{"line":5,"column":27}},"loc":{"start":{"line":5,"column":36},"end":{"line":10,"column":1}},"line":5},"1":{"name":"DayListItem","decl":{"start":{"line":12,"column":24},"end":{"line":12,"column":35}},"loc":{"start":{"line":12,"column":43},"end":{"line":28,"column":1}},"line":12},"2":{"name":"(anonymous_2)","decl":{"start":{"line":21,"column":15},"end":{"line":21,"column":16}},"loc":{"start":{"line":21,"column":21},"end":{"line":21,"column":45}},"line":21}},"branchMap":{"0":{"loc":{"start":{"line":6,"column":2},"end":{"line":6,"column":48}},"type":"if","locations":[{"start":{"line":6,"column":2},"end":{"line":6,"column":48}},{"start":{},"end":{}}],"line":6},"1":{"loc":{"start":{"line":7,"column":2},"end":{"line":7,"column":46}},"type":"if","locations":[{"start":{"line":7,"column":2},"end":{"line":7,"column":46}},{"start":{},"end":{}}],"line":7}},"s":{"0":16,"1":1,"2":15,"3":14,"4":1,"5":16,"6":16,"7":0},"f":{"0":16,"1":16,"2":0},"b":{"0":[1,15],"1":[14,1]},"_coverageSchema":"1a1c01bbd47fc00a2c39e90264f33305004495a9","hash":"c9db603a65b3a0c219b0dd8cda9b1da7baca67e6"}
,"/Users/jasonchen/lighthouse/scheduler/src/components/InterviewerList.jsx": {"path":"/Users/jasonchen/lighthouse/scheduler/src/components/InterviewerList.jsx","statementMap":{"0":{"start":{"line":7,"column":23},"end":{"line":18,"column":4}},"1":{"start":{"line":8,"column":4},"end":{"line":17,"column":6}},"2":{"start":{"line":15,"column":33},"end":{"line":15,"column":63}},"3":{"start":{"line":20,"column":2},"end":{"line":25,"column":4}},"4":{"start":{"line":28,"column":0},"end":{"line":30,"column":2}}},"fnMap":{"0":{"name":"InterviewerList","decl":{"start":{"line":6,"column":9},"end":{"line":6,"column":24}},"loc":{"start":{"line":6,"column":32},"end":{"line":26,"column":1}},"line":6},"1":{"name":"(anonymous_1)","decl":{"start":{"line":7,"column":46},"end":{"line":7,"column":47}},"loc":{"start":{"line":7,"column":61},"end":{"line":18,"column":3}},"line":7},"2":{"name":"(anonymous_2)","decl":{"start":{"line":15,"column":24},"end":{"line":15,"column":25}},"loc":{"start":{"line":15,"column":33},"end":{"line":15,"column":63}},"line":15}},"branchMap":{},"s":{"0":22,"1":30,"2":3,"3":22,"4":2},"f":{"0":22,"1":30,"2":3},"b":{},"_coverageSchema":"1a1c01bbd47fc00a2c39e90264f33305004495a9","hash":"ad100e0d23e230b72e58d5499f20d9631676fdce"}
,"/Users/jasonchen/lighthouse/scheduler/src/components/InterviewerListItem.jsx": {"path":"/Users/jasonchen/lighthouse/scheduler/src/components/InterviewerListItem.jsx","statementMap":{"0":{"start":{"line":6,"column":20},"end":{"line":8,"column":4}},"1":{"start":{"line":10,"column":2},"end":{"line":19,"column":4}}},"fnMap":{"0":{"name":"InterviewerItem","decl":{"start":{"line":5,"column":24},"end":{"line":5,"column":39}},"loc":{"start":{"line":5,"column":47},"end":{"line":20,"column":1}},"line":5}},"branchMap":{"0":{"loc":{"start":{"line":17,"column":7},"end":{"line":17,"column":35}},"type":"binary-expr","locations":[{"start":{"line":17,"column":7},"end":{"line":17,"column":21}},{"start":{"line":17,"column":25},"end":{"line":17,"column":35}}],"line":17}},"s":{"0":30,"1":30},"f":{"0":30},"b":{"0":[30,8]},"_coverageSchema":"1a1c01bbd47fc00a2c39e90264f33305004495a9","hash":"4f67e68b70daabcfa4dfad17fb56c385f281af3d"}
,"/Users/jasonchen/lighthouse/scheduler/src/components/Appointment/Confirm.jsx": {"path":"/Users/jasonchen/lighthouse/scheduler/src/components/Appointment/Confirm.jsx","statementMap":{"0":{"start":{"line":4,"column":2},"end":{"line":16,"column":4}}},"fnMap":{"0":{"name":"Confirm","decl":{"start":{"line":3,"column":24},"end":{"line":3,"column":31}},"loc":{"start":{"line":3,"column":39},"end":{"line":17,"column":1}},"line":3}},"branchMap":{},"s":{"0":2},"f":{"0":2},"b":{},"_coverageSchema":"1a1c01bbd47fc00a2c39e90264f33305004495a9","hash":"26b8472e8f06ac7646d4a65a44a139bd73eed0dc"}
,"/Users/jasonchen/lighthouse/scheduler/src/components/Appointment/Empty.jsx": {"path":"/Users/jasonchen/lighthouse/scheduler/src/components/Appointment/Empty.jsx","statementMap":{"0":{"start":{"line":2,"column":2},"end":{"line":11,"column":4}}},"fnMap":{"0":{"name":"Empty","decl":{"start":{"line":1,"column":24},"end":{"line":1,"column":29}},"loc":{"start":{"line":1,"column":37},"end":{"line":12,"column":1}},"line":1}},"branchMap":{},"s":{"0":23},"f":{"0":23},"b":{},"_coverageSchema":"1a1c01bbd47fc00a2c39e90264f33305004495a9","hash":"ae35735554b49db720ac882dc48c7ad318d5f0d9"}
,"/Users/jasonchen/lighthouse/scheduler/src/components/Appointment/Error.jsx": {"path":"/Users/jasonchen/lighthouse/scheduler/src/components/Appointment/Error.jsx","statementMap":{"0":{"start":{"line":2,"column":2},"end":{"line":15,"column":4}}},"fnMap":{"0":{"name":"Error","decl":{"start":{"line":1,"column":24},"end":{"line":1,"column":29}},"loc":{"start":{"line":1,"column":37},"end":{"line":16,"column":1}},"line":1}},"branchMap":{},"s":{"0":2},"f":{"0":2},"b":{},"_coverageSchema":"1a1c01bbd47fc00a2c39e90264f33305004495a9","hash":"55d2ba92ef3c4bca47027ec1546d5d4d931243a6"}
,"/Users/jasonchen/lighthouse/scheduler/src/components/Appointment/Form.jsx": {"path":"/Users/jasonchen/lighthouse/scheduler/src/components/Appointment/Form.jsx","statementMap":{"0":{"start":{"line":7,"column":26},"end":{"line":7,"column":52}},"1":{"start":{"line":8,"column":40},"end":{"line":8,"column":75}},"2":{"start":{"line":9,"column":28},"end":{"line":9,"column":40}},"3":{"start":{"line":12,"column":4},"end":{"line":12,"column":16}},"4":{"start":{"line":13,"column":4},"end":{"line":13,"column":25}},"5":{"start":{"line":17,"column":4},"end":{"line":17,"column":12}},"6":{"start":{"line":18,"column":4},"end":{"line":18,"column":21}},"7":{"start":{"line":22,"column":4},"end":{"line":25,"column":5}},"8":{"start":{"line":23,"column":6},"end":{"line":23,"column":47}},"9":{"start":{"line":24,"column":6},"end":{"line":24,"column":13}},"10":{"start":{"line":27,"column":4},"end":{"line":30,"column":5}},"11":{"start":{"line":28,"column":6},"end":{"line":28,"column":47}},"12":{"start":{"line":29,"column":6},"end":{"line":29,"column":13}},"13":{"start":{"line":32,"column":4},"end":{"line":32,"column":17}},"14":{"start":{"line":33,"column":4},"end":{"line":33,"column":35}},"15":{"start":{"line":36,"column":2},"end":{"line":70,"column":4}},"16":{"start":{"line":39,"column":52},"end":{"line":39,"column":74}},"17":{"start":{"line":47,"column":14},"end":{"line":47,"column":42}}},"fnMap":{"0":{"name":"Form","decl":{"start":{"line":6,"column":24},"end":{"line":6,"column":28}},"loc":{"start":{"line":6,"column":36},"end":{"line":71,"column":1}},"line":6},"1":{"name":"reset","decl":{"start":{"line":11,"column":11},"end":{"line":11,"column":16}},"loc":{"start":{"line":11,"column":19},"end":{"line":14,"column":3}},"line":11},"2":{"name":"cancel","decl":{"start":{"line":16,"column":11},"end":{"line":16,"column":17}},"loc":{"start":{"line":16,"column":20},"end":{"line":19,"column":3}},"line":16},"3":{"name":"validate","decl":{"start":{"line":21,"column":11},"end":{"line":21,"column":19}},"loc":{"start":{"line":21,"column":21},"end":{"line":34,"column":3}},"line":21},"4":{"name":"(anonymous_4)","decl":{"start":{"line":39,"column":43},"end":{"line":39,"column":44}},"loc":{"start":{"line":39,"column":52},"end":{"line":39,"column":74}},"line":39},"5":{"name":"(anonymous_5)","decl":{"start":{"line":46,"column":22},"end":{"line":46,"column":23}},"loc":{"start":{"line":46,"column":31},"end":{"line":48,"column":13}},"line":46}},"branchMap":{"0":{"loc":{"start":{"line":7,"column":35},"end":{"line":7,"column":51}},"type":"binary-expr","locations":[{"start":{"line":7,"column":35},"end":{"line":7,"column":45}},{"start":{"line":7,"column":49},"end":{"line":7,"column":51}}],"line":7},"1":{"loc":{"start":{"line":8,"column":49},"end":{"line":8,"column":74}},"type":"binary-expr","locations":[{"start":{"line":8,"column":49},"end":{"line":8,"column":66}},{"start":{"line":8,"column":70},"end":{"line":8,"column":74}}],"line":8},"2":{"loc":{"start":{"line":22,"column":4},"end":{"line":25,"column":5}},"type":"if","locations":[{"start":{"line":22,"column":4},"end":{"line":25,"column":5}},{"start":{},"end":{}}],"line":22},"3":{"loc":{"start":{"line":27,"column":4},"end":{"line":30,"column":5}},"type":"if","locations":[{"start":{"line":27,"column":4},"end":{"line":30,"column":5}},{"start":{},"end":{}}],"line":27}},"s":{"0":22,"1":22,"2":22,"3":1,"4":1,"5":1,"6":1,"7":8,"8":2,"9":2,"10":6,"11":2,"12":2,"13":4,"14":4,"15":22,"16":0,"17":4},"f":{"0":22,"1":1,"2":1,"3":8,"4":0,"5":4},"b":{"0":[22,13],"1":[22,16],"2":[2,6],"3":[2,4]},"_coverageSchema":"1a1c01bbd47fc00a2c39e90264f33305004495a9","hash":"c080bd5d0ef59472102d0943d22622ab932b3e2d"}
,"/Users/jasonchen/lighthouse/scheduler/src/components/Appointment/Header.jsx": {"path":"/Users/jasonchen/lighthouse/scheduler/src/components/Appointment/Header.jsx","statementMap":{"0":{"start":{"line":2,"column":2},"end":{"line":7,"column":4}}},"fnMap":{"0":{"name":"Header","decl":{"start":{"line":1,"column":24},"end":{"line":1,"column":30}},"loc":{"start":{"line":1,"column":38},"end":{"line":8,"column":1}},"line":1}},"branchMap":{},"s":{"0":43},"f":{"0":43},"b":{},"_coverageSchema":"1a1c01bbd47fc00a2c39e90264f33305004495a9","hash":"6dabcdf020d5a778c9c2f447bb2351cde798cd28"}
,"/Users/jasonchen/lighthouse/scheduler/src/components/Appointment/Show.jsx": {"path":"/Users/jasonchen/lighthouse/scheduler/src/components/Appointment/Show.jsx","statementMap":{"0":{"start":{"line":2,"column":2},"end":{"line":30,"column":4}}},"fnMap":{"0":{"name":"Show","decl":{"start":{"line":1,"column":24},"end":{"line":1,"column":28}},"loc":{"start":{"line":1,"column":36},"end":{"line":31,"column":1}},"line":1}},"branchMap":{"0":{"loc":{"start":{"line":9,"column":13},"end":{"line":9,"column":56}},"type":"binary-expr","locations":[{"start":{"line":9,"column":13},"end":{"line":9,"column":30}},{"start":{"line":9,"column":34},"end":{"line":9,"column":56}}],"line":9}},"s":{"0":8},"f":{"0":8},"b":{"0":[8,8]},"_coverageSchema":"1a1c01bbd47fc00a2c39e90264f33305004495a9","hash":"7c671073fa337e055d35bfad51f9a5879dcc478b"}
,"/Users/jasonchen/lighthouse/scheduler/src/components/Appointment/Status.jsx": {"path":"/Users/jasonchen/lighthouse/scheduler/src/components/Appointment/Status.jsx","statementMap":{"0":{"start":{"line":2,"column":2},"end":{"line":11,"column":4}}},"fnMap":{"0":{"name":"Status","decl":{"start":{"line":1,"column":24},"end":{"line":1,"column":30}},"loc":{"start":{"line":1,"column":38},"end":{"line":12,"column":1}},"line":1}},"branchMap":{},"s":{"0":5},"f":{"0":5},"b":{},"_coverageSchema":"1a1c01bbd47fc00a2c39e90264f33305004495a9","hash":"f0824df86bece14859d5dcff4ccc7e8bf2fd4f1a"}
,"/Users/jasonchen/lighthouse/scheduler/src/components/Appointment/index.jsx": {"path":"/Users/jasonchen/lighthouse/scheduler/src/components/Appointment/index.jsx","statementMap":{"0":{"start":{"line":14,"column":16},"end":{"line":14,"column":23}},"1":{"start":{"line":15,"column":15},"end":{"line":15,"column":21}},"2":{"start":{"line":16,"column":17},"end":{"line":16,"column":25}},"3":{"start":{"line":17,"column":15},"end":{"line":17,"column":21}},"4":{"start":{"line":18,"column":17},"end":{"line":18,"column":25}},"5":{"start":{"line":19,"column":19},"end":{"line":19,"column":29}},"6":{"start":{"line":20,"column":18},"end":{"line":20,"column":27}},"7":{"start":{"line":21,"column":21},"end":{"line":21,"column":33}},"8":{"start":{"line":22,"column":23},"end":{"line":22,"column":37}},"9":{"start":{"line":24,"column":37},"end":{"line":26,"column":3}},"10":{"start":{"line":29,"column":22},"end":{"line":32,"column":5}},"11":{"start":{"line":34,"column":4},"end":{"line":34,"column":23}},"12":{"start":{"line":36,"column":4},"end":{"line":39,"column":52}},"13":{"start":{"line":38,"column":18},"end":{"line":38,"column":34}},"14":{"start":{"line":39,"column":22},"end":{"line":39,"column":50}},"15":{"start":{"line":43,"column":4},"end":{"line":43,"column":31}},"16":{"start":{"line":44,"column":4},"end":{"line":47,"column":54}},"17":{"start":{"line":46,"column":18},"end":{"line":46,"column":35}},"18":{"start":{"line":47,"column":22},"end":{"line":47,"column":52}},"19":{"start":{"line":51,"column":2},"end":{"line":93,"column":4}},"20":{"start":{"line":54,"column":45},"end":{"line":54,"column":63}},"21":{"start":{"line":64,"column":26},"end":{"line":64,"column":45}},"22":{"start":{"line":65,"column":24},"end":{"line":65,"column":40}}},"fnMap":{"0":{"name":"Appointment","decl":{"start":{"line":12,"column":24},"end":{"line":12,"column":35}},"loc":{"start":{"line":12,"column":43},"end":{"line":94,"column":1}},"line":12},"1":{"name":"save","decl":{"start":{"line":28,"column":11},"end":{"line":28,"column":15}},"loc":{"start":{"line":28,"column":35},"end":{"line":40,"column":3}},"line":28},"2":{"name":"(anonymous_2)","decl":{"start":{"line":38,"column":12},"end":{"line":38,"column":13}},"loc":{"start":{"line":38,"column":18},"end":{"line":38,"column":34}},"line":38},"3":{"name":"(anonymous_3)","decl":{"start":{"line":39,"column":13},"end":{"line":39,"column":14}},"loc":{"start":{"line":39,"column":22},"end":{"line":39,"column":50}},"line":39},"4":{"name":"destroy","decl":{"start":{"line":42,"column":11},"end":{"line":42,"column":18}},"loc":{"start":{"line":42,"column":21},"end":{"line":48,"column":3}},"line":42},"5":{"name":"(anonymous_5)","decl":{"start":{"line":46,"column":12},"end":{"line":46,"column":13}},"loc":{"start":{"line":46,"column":18},"end":{"line":46,"column":35}},"line":46},"6":{"name":"(anonymous_6)","decl":{"start":{"line":47,"column":13},"end":{"line":47,"column":14}},"loc":{"start":{"line":47,"column":22},"end":{"line":47,"column":52}},"line":47},"7":{"name":"(anonymous_7)","decl":{"start":{"line":54,"column":39},"end":{"line":54,"column":40}},"loc":{"start":{"line":54,"column":45},"end":{"line":54,"column":63}},"line":54},"8":{"name":"(anonymous_8)","decl":{"start":{"line":64,"column":20},"end":{"line":64,"column":21}},"loc":{"start":{"line":64,"column":26},"end":{"line":64,"column":45}},"line":64},"9":{"name":"(anonymous_9)","decl":{"start":{"line":65,"column":18},"end":{"line":65,"column":19}},"loc":{"start":{"line":65,"column":24},"end":{"line":65,"column":40}},"line":65}},"branchMap":{"0":{"loc":{"start":{"line":25,"column":4},"end":{"line":25,"column":34}},"type":"cond-expr","locations":[{"start":{"line":25,"column":22},"end":{"line":25,"column":26}},{"start":{"line":25,"column":29},"end":{"line":25,"column":34}}],"line":25},"1":{"loc":{"start":{"line":54,"column":7},"end":{"line":54,"column":67}},"type":"binary-expr","locations":[{"start":{"line":54,"column":7},"end":{"line":54,"column":21}},{"start":{"line":54,"column":25},"end":{"line":54,"column":67}}],"line":54},"2":{"loc":{"start":{"line":55,"column":7},"end":{"line":59,"column":8}},"type":"binary-expr","locations":[{"start":{"line":55,"column":7},"end":{"line":55,"column":22}},{"start":{"line":55,"column":26},"end":{"line":59,"column":8}}],"line":55},"3":{"loc":{"start":{"line":60,"column":7},"end":{"line":67,"column":7}},"type":"binary-expr","locations":[{"start":{"line":60,"column":7},"end":{"line":60,"column":20}},{"start":{"line":61,"column":8},"end":{"line":66,"column":10}}],"line":60},"4":{"loc":{"start":{"line":68,"column":7},"end":{"line":76,"column":7}},"type":"binary-expr","locations":[{"start":{"line":68,"column":7},"end":{"line":68,"column":20}},{"start":{"line":69,"column":8},"end":{"line":75,"column":10}}],"line":68},"5":{"loc":{"start":{"line":77,"column":7},"end":{"line":77,"column":53}},"type":"binary-expr","locations":[{"start":{"line":77,"column":7},"end":{"line":77,"column":22}},{"start":{"line":77,"column":26},"end":{"line":77,"column":53}}],"line":77},"6":{"loc":{"start":{"line":78,"column":7},"end":{"line":78,"column":57}},"type":"binary-expr","locations":[{"start":{"line":78,"column":7},"end":{"line":78,"column":24}},{"start":{"line":78,"column":28},"end":{"line":78,"column":57}}],"line":78},"7":{"loc":{"start":{"line":79,"column":7},"end":{"line":85,"column":7}},"type":"binary-expr","locations":[{"start":{"line":79,"column":7},"end":{"line":79,"column":23}},{"start":{"line":80,"column":8},"end":{"line":84,"column":10}}],"line":79},"8":{"loc":{"start":{"line":86,"column":7},"end":{"line":88,"column":7}},"type":"binary-expr","locations":[{"start":{"line":86,"column":7},"end":{"line":86,"column":26}},{"start":{"line":87,"column":8},"end":{"line":87,"column":70}}],"line":86},"9":{"loc":{"start":{"line":89,"column":7},"end":{"line":91,"column":7}},"type":"binary-expr","locations":[{"start":{"line":89,"column":7},"end":{"line":89,"column":28}},{"start":{"line":90,"column":8},"end":{"line":90,"column":72}}],"line":89}},"s":{"0":43,"1":43,"2":43,"3":43,"4":43,"5":43,"6":43,"7":43,"8":43,"9":43,"10":3,"11":3,"12":3,"13":2,"14":1,"15":2,"16":2,"17":1,"18":1,"19":43,"20":2,"21":2,"22":1},"f":{"0":43,"1":3,"2":2,"3":1,"4":2,"5":1,"6":1,"7":2,"8":2,"9":1},"b":{"0":[15,28],"1":[43,23],"2":[43,2],"3":[43,8],"4":[43,1],"5":[43,3],"6":[43,2],"7":[43,2],"8":[43,1],"9":[43,1]},"_coverageSchema":"1a1c01bbd47fc00a2c39e90264f33305004495a9","hash":"3b4b4ba3abedc8832ac76900b27071e2317103e5"}
,"/Users/jasonchen/lighthouse/scheduler/src/helpers/selectors.js": {"path":"/Users/jasonchen/lighthouse/scheduler/src/helpers/selectors.js","statementMap":{"0":{"start":{"line":2,"column":16},"end":{"line":2,"column":52}},"1":{"start":{"line":2,"column":37},"end":{"line":2,"column":51}},"2":{"start":{"line":4,"column":2},"end":{"line":4,"column":64}},"3":{"start":{"line":4,"column":54},"end":{"line":4,"column":64}},"4":{"start":{"line":6,"column":2},"end":{"line":6,"column":62}},"5":{"start":{"line":6,"column":38},"end":{"line":6,"column":60}},"6":{"start":{"line":10,"column":16},"end":{"line":10,"column":52}},"7":{"start":{"line":10,"column":37},"end":{"line":10,"column":51}},"8":{"start":{"line":12,"column":2},"end":{"line":12,"column":64}},"9":{"start":{"line":12,"column":54},"end":{"line":12,"column":64}},"10":{"start":{"line":14,"column":2},"end":{"line":14,"column":62}},"11":{"start":{"line":14,"column":38},"end":{"line":14,"column":60}},"12":{"start":{"line":18,"column":2},"end":{"line":23,"column":4}}},"fnMap":{"0":{"name":"getAppointmentsForDay","decl":{"start":{"line":1,"column":16},"end":{"line":1,"column":37}},"loc":{"start":{"line":1,"column":50},"end":{"line":7,"column":1}},"line":1},"1":{"name":"(anonymous_1)","decl":{"start":{"line":2,"column":32},"end":{"line":2,"column":33}},"loc":{"start":{"line":2,"column":37},"end":{"line":2,"column":51}},"line":2},"2":{"name":"(anonymous_2)","decl":{"start":{"line":6,"column":32},"end":{"line":6,"column":33}},"loc":{"start":{"line":6,"column":38},"end":{"line":6,"column":60}},"line":6},"3":{"name":"getInterviewersForDay","decl":{"start":{"line":9,"column":16},"end":{"line":9,"column":37}},"loc":{"start":{"line":9,"column":50},"end":{"line":15,"column":1}},"line":9},"4":{"name":"(anonymous_4)","decl":{"start":{"line":10,"column":32},"end":{"line":10,"column":33}},"loc":{"start":{"line":10,"column":37},"end":{"line":10,"column":51}},"line":10},"5":{"name":"(anonymous_5)","decl":{"start":{"line":14,"column":32},"end":{"line":14,"column":33}},"loc":{"start":{"line":14,"column":38},"end":{"line":14,"column":60}},"line":14},"6":{"name":"getInterview","decl":{"start":{"line":17,"column":16},"end":{"line":17,"column":28}},"loc":{"start":{"line":17,"column":47},"end":{"line":24,"column":1}},"line":17}},"branchMap":{"0":{"loc":{"start":{"line":4,"column":2},"end":{"line":4,"column":64}},"type":"if","locations":[{"start":{"line":4,"column":2},"end":{"line":4,"column":64}},{"start":{},"end":{}}],"line":4},"1":{"loc":{"start":{"line":4,"column":6},"end":{"line":4,"column":52}},"type":"binary-expr","locations":[{"start":{"line":4,"column":6},"end":{"line":4,"column":29}},{"start":{"line":4,"column":33},"end":{"line":4,"column":52}}],"line":4},"2":{"loc":{"start":{"line":12,"column":2},"end":{"line":12,"column":64}},"type":"if","locations":[{"start":{"line":12,"column":2},"end":{"line":12,"column":64}},{"start":{},"end":{}}],"line":12},"3":{"loc":{"start":{"line":12,"column":6},"end":{"line":12,"column":52}},"type":"binary-expr","locations":[{"start":{"line":12,"column":6},"end":{"line":12,"column":29}},{"start":{"line":12,"column":33},"end":{"line":12,"column":52}}],"line":12},"4":{"loc":{"start":{"line":19,"column":4},"end":{"line":22,"column":5}},"type":"binary-expr","locations":[{"start":{"line":19,"column":4},"end":{"line":19,"column":13}},{"start":{"line":19,"column":17},"end":{"line":22,"column":5}}],"line":19}},"s":{"0":18,"1":14,"2":18,"3":7,"4":11,"5":24,"6":18,"7":14,"8":18,"9":7,"10":11,"11":22,"12":18},"f":{"0":18,"1":14,"2":24,"3":18,"4":14,"5":22,"6":18},"b":{"0":[7,11],"1":[18,12],"2":[7,11],"3":[18,12],"4":[18,9]},"_coverageSchema":"1a1c01bbd47fc00a2c39e90264f33305004495a9","hash":"e30bcd057fdf4510f40b246e04216723c655e5ba"}
,"/Users/jasonchen/lighthouse/scheduler/src/hooks/useApplicationData.js": {"path":"/Users/jasonchen/lighthouse/scheduler/src/hooks/useApplicationData.js","statementMap":{"0":{"start":{"line":12,"column":28},"end":{"line":17,"column":4}},"1":{"start":{"line":19,"column":17},"end":{"line":19,"column":56}},"2":{"start":{"line":19,"column":24},"end":{"line":19,"column":56}},"3":{"start":{"line":21,"column":2},"end":{"line":35,"column":9}},"4":{"start":{"line":22,"column":4},"end":{"line":34,"column":6}},"5":{"start":{"line":28,"column":8},"end":{"line":33,"column":10}},"6":{"start":{"line":38,"column":4},"end":{"line":44,"column":7}},"7":{"start":{"line":39,"column":6},"end":{"line":43,"column":9}},"8":{"start":{"line":48,"column":4},"end":{"line":54,"column":7}},"9":{"start":{"line":49,"column":6},"end":{"line":53,"column":9}},"10":{"start":{"line":57,"column":2},"end":{"line":62,"column":4}}},"fnMap":{"0":{"name":"useApplicationData","decl":{"start":{"line":11,"column":24},"end":{"line":11,"column":42}},"loc":{"start":{"line":11,"column":45},"end":{"line":63,"column":1}},"line":11},"1":{"name":"(anonymous_1)","decl":{"start":{"line":19,"column":17},"end":{"line":19,"column":18}},"loc":{"start":{"line":19,"column":24},"end":{"line":19,"column":56}},"line":19},"2":{"name":"(anonymous_2)","decl":{"start":{"line":21,"column":12},"end":{"line":21,"column":13}},"loc":{"start":{"line":21,"column":18},"end":{"line":35,"column":3}},"line":21},"3":{"name":"(anonymous_3)","decl":{"start":{"line":27,"column":6},"end":{"line":27,"column":7}},"loc":{"start":{"line":28,"column":8},"end":{"line":33,"column":10}},"line":28},"4":{"name":"bookInterview","decl":{"start":{"line":37,"column":11},"end":{"line":37,"column":24}},"loc":{"start":{"line":37,"column":40},"end":{"line":45,"column":3}},"line":37},"5":{"name":"(anonymous_5)","decl":{"start":{"line":38,"column":68},"end":{"line":38,"column":69}},"loc":{"start":{"line":38,"column":74},"end":{"line":44,"column":5}},"line":38},"6":{"name":"cancelInterview","decl":{"start":{"line":47,"column":11},"end":{"line":47,"column":26}},"loc":{"start":{"line":47,"column":31},"end":{"line":55,"column":3}},"line":47},"7":{"name":"(anonymous_7)","decl":{"start":{"line":48,"column":56},"end":{"line":48,"column":57}},"loc":{"start":{"line":48,"column":62},"end":{"line":54,"column":5}},"line":48}},"branchMap":{},"s":{"0":13,"1":13,"2":0,"3":13,"4":5,"5":5,"6":3,"7":2,"8":2,"9":1,"10":13},"f":{"0":13,"1":0,"2":5,"3":5,"4":3,"5":2,"6":2,"7":1},"b":{},"_coverageSchema":"1a1c01bbd47fc00a2c39e90264f33305004495a9","hash":"d275f4d8ff06ee28cfeaa38344cdda63a7a3d687"}
,"/Users/jasonchen/lighthouse/scheduler/src/hooks/useRealtimeUpdate.js": {"path":"/Users/jasonchen/lighthouse/scheduler/src/hooks/useRealtimeUpdate.js","statementMap":{"0":{"start":{"line":5,"column":2},"end":{"line":19,"column":17}},"1":{"start":{"line":6,"column":19},"end":{"line":6,"column":78}},"2":{"start":{"line":8,"column":4},"end":{"line":14,"column":6}},"3":{"start":{"line":9,"column":19},"end":{"line":9,"column":41}},"4":{"start":{"line":11,"column":6},"end":{"line":13,"column":7}},"5":{"start":{"line":12,"column":8},"end":{"line":12,"column":23}},"6":{"start":{"line":16,"column":4},"end":{"line":18,"column":6}},"7":{"start":{"line":17,"column":6},"end":{"line":17,"column":21}}},"fnMap":{"0":{"name":"useRealtimeUpdate","decl":{"start":{"line":4,"column":24},"end":{"line":4,"column":41}},"loc":{"start":{"line":4,"column":52},"end":{"line":20,"column":1}},"line":4},"1":{"name":"(anonymous_1)","decl":{"start":{"line":5,"column":12},"end":{"line":5,"column":13}},"loc":{"start":{"line":5,"column":18},"end":{"line":19,"column":3}},"line":5},"2":{"name":"(anonymous_2)","decl":{"start":{"line":8,"column":23},"end":{"line":8,"column":24}},"loc":{"start":{"line":8,"column":32},"end":{"line":14,"column":5}},"line":8},"3":{"name":"(anonymous_3)","decl":{"start":{"line":16,"column":11},"end":{"line":16,"column":12}},"loc":{"start":{"line":16,"column":17},"end":{"line":18,"column":5}},"line":16}},"branchMap":{"0":{"loc":{"start":{"line":11,"column":6},"end":{"line":13,"column":7}},"type":"if","locations":[{"start":{"line":11,"column":6},"end":{"line":13,"column":7}},{"start":{},"end":{}}],"line":11},"1":{"loc":{"start":{"line":11,"column":10},"end":{"line":11,"column":65}},"type":"binary-expr","locations":[{"start":{"line":11,"column":10},"end":{"line":11,"column":34}},{"start":{"line":11,"column":38},"end":{"line":11,"column":65}}],"line":11}},"s":{"0":0,"1":0,"2":0,"3":0,"4":0,"5":0,"6":0,"7":0},"f":{"0":0,"1":0,"2":0,"3":0},"b":{"0":[0,0],"1":[0,0]}}
,"/Users/jasonchen/lighthouse/scheduler/src/hooks/useVisualMode.js": {"path":"/Users/jasonchen/lighthouse/scheduler/src/hooks/useVisualMode.js","statementMap":{"0":{"start":{"line":5,"column":32},"end":{"line":5,"column":51}},"1":{"start":{"line":7,"column":21},"end":{"line":13,"column":3}},"2":{"start":{"line":8,"column":4},"end":{"line":12,"column":5}},"3":{"start":{"line":9,"column":6},"end":{"line":9,"column":71}},"4":{"start":{"line":9,"column":25},"end":{"line":9,"column":69}},"5":{"start":{"line":11,"column":6},"end":{"line":11,"column":45}},"6":{"start":{"line":11,"column":25},"end":{"line":11,"column":43}},"7":{"start":{"line":16,"column":4},"end":{"line":16,"column":60}},"8":{"start":{"line":16,"column":23},"end":{"line":16,"column":58}},"9":{"start":{"line":19,"column":2},"end":{"line":19,"column":64}}},"fnMap":{"0":{"name":"useVisualMode","decl":{"start":{"line":3,"column":24},"end":{"line":3,"column":37}},"loc":{"start":{"line":3,"column":46},"end":{"line":20,"column":1}},"line":3},"1":{"name":"(anonymous_1)","decl":{"start":{"line":7,"column":21},"end":{"line":7,"column":22}},"loc":{"start":{"line":7,"column":51},"end":{"line":13,"column":3}},"line":7},"2":{"name":"(anonymous_2)","decl":{"start":{"line":9,"column":17},"end":{"line":9,"column":18}},"loc":{"start":{"line":9,"column":25},"end":{"line":9,"column":69}},"line":9},"3":{"name":"(anonymous_3)","decl":{"start":{"line":11,"column":17},"end":{"line":11,"column":18}},"loc":{"start":{"line":11,"column":25},"end":{"line":11,"column":43}},"line":11},"4":{"name":"back","decl":{"start":{"line":15,"column":11},"end":{"line":15,"column":15}},"loc":{"start":{"line":15,"column":18},"end":{"line":17,"column":3}},"line":15},"5":{"name":"(anonymous_5)","decl":{"start":{"line":16,"column":15},"end":{"line":16,"column":16}},"loc":{"start":{"line":16,"column":23},"end":{"line":16,"column":58}},"line":16}},"branchMap":{"0":{"loc":{"start":{"line":7,"column":31},"end":{"line":7,"column":46}},"type":"default-arg","locations":[{"start":{"line":7,"column":41},"end":{"line":7,"column":46}}],"line":7},"1":{"loc":{"start":{"line":8,"column":4},"end":{"line":12,"column":5}},"type":"if","locations":[{"start":{"line":8,"column":4},"end":{"line":12,"column":5}},{"start":{"line":10,"column":11},"end":{"line":12,"column":5}}],"line":8}},"s":{"0":55,"1":55,"2":20,"3":5,"4":5,"5":15,"6":15,"7":3,"8":3,"9":55},"f":{"0":55,"1":20,"2":5,"3":15,"4":3,"5":3},"b":{"0":[15],"1":[5,15]},"_coverageSchema":"1a1c01bbd47fc00a2c39e90264f33305004495a9","hash":"f90f2157c421609532a7808185d13c330edd6cdd"}
,"/Users/jasonchen/lighthouse/scheduler/src/reducers/application.js": {"path":"/Users/jasonchen/lighthouse/scheduler/src/reducers/application.js","statementMap":{"0":{"start":{"line":1,"column":23},"end":{"line":1,"column":32}},"1":{"start":{"line":2,"column":36},"end":{"line":2,"column":58}},"2":{"start":{"line":3,"column":29},"end":{"line":3,"column":44}},"3":{"start":{"line":6,"column":2},"end":{"line":53,"column":3}},"4":{"start":{"line":8,"column":6},"end":{"line":8,"column":43}},"5":{"start":{"line":10,"column":6},"end":{"line":15,"column":8}},"6":{"start":{"line":17,"column":26},"end":{"line":20,"column":7}},"7":{"start":{"line":22,"column":27},"end":{"line":25,"column":7}},"8":{"start":{"line":27,"column":29},"end":{"line":32,"column":9}},"9":{"start":{"line":28,"column":8},"end":{"line":32,"column":9}},"10":{"start":{"line":30,"column":26},"end":{"line":30,"column":72}},"11":{"start":{"line":34,"column":19},"end":{"line":41,"column":8}},"12":{"start":{"line":35,"column":8},"end":{"line":40,"column":16}},"13":{"start":{"line":43,"column":6},"end":{"line":47,"column":8}},"14":{"start":{"line":50,"column":6},"end":{"line":52,"column":8}}},"fnMap":{"0":{"name":"reducer","decl":{"start":{"line":5,"column":24},"end":{"line":5,"column":31}},"loc":{"start":{"line":5,"column":47},"end":{"line":54,"column":1}},"line":5},"1":{"name":"(anonymous_1)","decl":{"start":{"line":27,"column":29},"end":{"line":27,"column":30}},"loc":{"start":{"line":28,"column":8},"end":{"line":32,"column":9}},"line":28},"2":{"name":"(anonymous_2)","decl":{"start":{"line":30,"column":10},"end":{"line":30,"column":11}},"loc":{"start":{"line":30,"column":26},"end":{"line":30,"column":72}},"line":30},"3":{"name":"(anonymous_3)","decl":{"start":{"line":34,"column":34},"end":{"line":34,"column":35}},"loc":{"start":{"line":34,"column":41},"end":{"line":41,"column":7}},"line":34}},"branchMap":{"0":{"loc":{"start":{"line":6,"column":2},"end":{"line":53,"column":3}},"type":"switch","locations":[{"start":{"line":7,"column":4},"end":{"line":8,"column":43}},{"start":{"line":9,"column":4},"end":{"line":15,"column":8}},{"start":{"line":16,"column":4},"end":{"line":48,"column":5}},{"start":{"line":49,"column":4},"end":{"line":52,"column":8}}],"line":6},"1":{"loc":{"start":{"line":19,"column":19},"end":{"line":19,"column":62}},"type":"binary-expr","locations":[{"start":{"line":19,"column":19},"end":{"line":19,"column":35}},{"start":{"line":19,"column":39},"end":{"line":19,"column":62}}],"line":19},"2":{"loc":{"start":{"line":30,"column":26},"end":{"line":30,"column":72}},"type":"cond-expr","locations":[{"start":{"line":30,"column":55},"end":{"line":30,"column":64}},{"start":{"line":30,"column":67},"end":{"line":30,"column":72}}],"line":30},"3":{"loc":{"start":{"line":35,"column":15},"end":{"line":40,"column":15}},"type":"cond-expr","locations":[{"start":{"line":36,"column":12},"end":{"line":39,"column":13}},{"start":{"line":40,"column":12},"end":{"line":40,"column":15}}],"line":35}},"s":{"0":2,"1":2,"2":2,"3":9,"4":0,"5":5,"6":3,"7":3,"8":3,"9":3,"10":6,"11":3,"12":6,"13":3,"14":1},"f":{"0":9,"1":3,"2":6,"3":6},"b":{"0":[0,5,3,1],"1":[3,2],"2":[3,3],"3":[3,3]},"_coverageSchema":"1a1c01bbd47fc00a2c39e90264f33305004495a9","hash":"8bbf062be939ee5f289b4f222cbde86e365237db"}
}
