TN:
SF:src/main.jsx
FNF:0
FNH:0
DA:8,0
DA:9,0
LF:2
LH:0
BRF:0
BRH:0
end_of_record
TN:
SF:src/setupTests.js
FNF:0
FNH:0
LF:0
LH:0
BRF:0
BRH:0
end_of_record
TN:
SF:src/components/Application.jsx
FN:14,Application
FN:25,(anonymous_1)
FNF:2
FNH:2
FNDA:3,Application
FNDA:4,(anonymous_1)
DA:20,3
DA:22,3
DA:24,3
DA:26,4
DA:39,3
LF:5
LH:5
BRF:0
BRH:0
end_of_record
TN:
SF:src/components/Button.jsx
FN:5,Button
FNF:1
FNH:1
FNDA:35,Button
DA:6,35
DA:11,35
LF:2
LH:2
BRF:0
BRH:0
end_of_record
TN:
SF:src/components/DayList.jsx
FN:3,DayList
FN:4,(anonymous_1)
FNF:2
FNH:2
FNDA:3,DayList
FNDA:4,(anonymous_1)
DA:4,3
DA:5,4
DA:16,3
LF:3
LH:3
BRF:0
BRH:0
end_of_record
TN:
SF:src/components/DayListItem.jsx
FN:5,formatSpots
FN:12,DayListItem
FN:21,(anonymous_2)
FNF:3
FNH:2
FNDA:4,formatSpots
FNDA:4,DayListItem
FNDA:0,(anonymous_2)
DA:6,4
DA:7,3
DA:9,0
DA:13,4
DA:18,4
DA:21,0
LF:6
LH:4
BRDA:6,0,0,1
BRDA:6,0,1,3
BRDA:7,1,0,3
BRDA:7,1,1,0
BRF:4
BRH:3
end_of_record
TN:
SF:src/components/InterviewerList.jsx
FN:6,InterviewerList
FN:7,(anonymous_1)
FN:15,(anonymous_2)
FNF:3
FNH:3
FNDA:17,InterviewerList
FNDA:20,(anonymous_1)
FNDA:1,(anonymous_2)
DA:7,17
DA:8,20
DA:15,1
DA:20,17
DA:28,2
LF:5
LH:5
BRF:0
BRH:0
end_of_record
TN:
SF:src/components/InterviewerListItem.jsx
FN:5,InterviewerItem
FNF:1
FNH:1
FNDA:20,InterviewerItem
DA:6,20
DA:10,20
LF:2
LH:2
BRDA:17,0,0,20
BRDA:17,0,1,5
BRF:2
BRH:2
end_of_record
TN:
SF:src/components/Appointment/Confirm.jsx
FN:3,Confirm
FNF:1
FNH:0
FNDA:0,Confirm
DA:4,0
LF:1
LH:0
BRF:0
BRH:0
end_of_record
TN:
SF:src/components/Appointment/Empty.jsx
FN:1,Empty
FNF:1
FNH:1
FNDA:6,Empty
DA:2,6
LF:1
LH:1
BRF:0
BRH:0
end_of_record
TN:
SF:src/components/Appointment/Error.jsx
FN:1,Error
FNF:1
FNH:0
FNDA:0,Error
DA:2,0
LF:1
LH:0
BRF:0
BRH:0
end_of_record
TN:
SF:src/components/Appointment/Form.jsx
FN:6,Form
FN:11,reset
FN:16,cancel
FN:21,validate
FN:39,(anonymous_4)
FN:46,(anonymous_5)
FNF:6
FNH:5
FNDA:17,Form
FNDA:1,reset
FNDA:1,cancel
FNDA:6,validate
FNDA:0,(anonymous_4)
FNDA:3,(anonymous_5)
DA:7,17
DA:8,17
DA:9,17
DA:12,1
DA:13,1
DA:17,1
DA:18,1
DA:22,6
DA:23,2
DA:24,2
DA:27,4
DA:28,2
DA:29,2
DA:32,2
DA:33,2
DA:36,17
DA:39,0
DA:47,3
LF:18
LH:17
BRDA:7,0,0,17
BRDA:7,0,1,10
BRDA:8,1,0,17
BRDA:8,1,1,13
BRDA:22,2,0,2
BRDA:22,2,1,4
BRDA:27,3,0,2
BRDA:27,3,1,2
BRF:8
BRH:8
end_of_record
TN:
SF:src/components/Appointment/Header.jsx
FN:1,Header
FNF:1
FNH:1
FNDA:11,Header
DA:2,11
LF:1
LH:1
BRF:0
BRH:0
end_of_record
TN:
SF:src/components/Appointment/Show.jsx
FN:1,Show
FNF:1
FNH:1
FNDA:3,Show
DA:2,3
LF:1
LH:1
BRDA:9,0,0,3
BRDA:9,0,1,3
BRF:2
BRH:2
end_of_record
TN:
SF:src/components/Appointment/Status.jsx
FN:1,Status
FNF:1
FNH:1
FNDA:1,Status
DA:2,1
LF:1
LH:1
BRF:0
BRH:0
end_of_record
TN:
SF:src/components/Appointment/index.jsx
FN:12,Appointment
FN:28,save
FN:38,(anonymous_2)
FN:39,(anonymous_3)
FN:42,destroy
FN:46,(anonymous_5)
FN:47,(anonymous_6)
FN:54,(anonymous_7)
FNF:8
FNH:4
FNDA:11,Appointment
FNDA:1,save
FNDA:1,(anonymous_2)
FNDA:0,(anonymous_3)
FNDA:0,destroy
FNDA:0,(anonymous_5)
FNDA:0,(anonymous_6)
FNDA:1,(anonymous_7)
DA:14,11
DA:15,11
DA:16,11
DA:17,11
DA:18,11
DA:19,11
DA:20,11
DA:21,11
DA:22,11
DA:24,11
DA:29,1
DA:34,1
DA:36,1
DA:38,1
DA:39,0
DA:43,0
DA:44,0
DA:46,0
DA:47,0
DA:51,11
DA:54,1
LF:21
LH:16
BRDA:25,0,0,3
BRDA:25,0,1,8
BRDA:54,1,0,11
BRDA:54,1,1,6
BRDA:55,2,0,11
BRDA:55,2,1,1
BRDA:60,3,0,11
BRDA:60,3,1,3
BRDA:66,4,0,11
BRDA:66,4,1,0
BRDA:75,5,0,11
BRDA:75,5,1,1
BRDA:76,6,0,11
BRDA:76,6,1,0
BRDA:77,7,0,11
BRDA:77,7,1,0
BRDA:84,8,0,11
BRDA:84,8,1,0
BRDA:87,9,0,11
BRDA:87,9,1,0
BRF:20
BRH:15
end_of_record
TN:
SF:src/helpers/selectors.js
FN:1,getAppointmentsForDay
FN:2,(anonymous_1)
FN:6,(anonymous_2)
FN:9,getInterviewersForDay
FN:10,(anonymous_4)
FN:14,(anonymous_5)
FN:17,getInterview
FNF:7
FNH:7
FNDA:8,getAppointmentsForDay
FNDA:8,(anonymous_1)
FNDA:12,(anonymous_2)
FNDA:8,getInterviewersForDay
FNDA:8,(anonymous_4)
FNDA:10,(anonymous_5)
FNDA:6,getInterview
DA:2,8
DA:4,8
DA:6,12
DA:10,8
DA:12,8
DA:14,10
DA:18,6
LF:7
LH:7
BRDA:4,0,0,3
BRDA:4,0,1,5
BRDA:4,1,0,8
BRDA:4,1,1,6
BRDA:12,2,0,3
BRDA:12,2,1,5
BRDA:12,3,0,8
BRDA:12,3,1,6
BRDA:19,4,0,6
BRDA:19,4,1,4
BRF:10
BRH:10
end_of_record
TN:
SF:src/hooks/useApplicationData.js
FN:11,useApplicationData
FN:19,(anonymous_1)
FN:21,(anonymous_2)
FN:27,(anonymous_3)
FN:37,bookInterview
FN:38,(anonymous_5)
FN:47,cancelInterview
FN:48,(anonymous_7)
FNF:8
FNH:5
FNDA:3,useApplicationData
FNDA:0,(anonymous_1)
FNDA:1,(anonymous_2)
FNDA:1,(anonymous_3)
FNDA:1,bookInterview
FNDA:1,(anonymous_5)
FNDA:0,cancelInterview
FNDA:0,(anonymous_7)
DA:12,3
DA:19,3
DA:21,3
DA:22,1
DA:28,1
DA:38,1
DA:39,1
DA:48,0
DA:49,0
DA:57,3
LF:10
LH:8
BRF:0
BRH:0
end_of_record
TN:
SF:src/hooks/useRealtimeUpdate.js
FN:4,useRealtimeUpdate
FN:5,(anonymous_1)
FN:8,(anonymous_2)
FN:16,(anonymous_3)
FNF:4
FNH:0
FNDA:0,useRealtimeUpdate
FNDA:0,(anonymous_1)
FNDA:0,(anonymous_2)
FNDA:0,(anonymous_3)
DA:5,0
DA:6,0
DA:8,0
DA:9,0
DA:11,0
DA:12,0
DA:16,0
DA:17,0
LF:8
LH:0
BRDA:11,0,0,0
BRDA:11,0,1,0
BRDA:11,1,0,0
BRDA:11,1,1,0
BRF:4
BRH:0
end_of_record
TN:
SF:src/hooks/useVisualMode.js
FN:3,useVisualMode
FN:7,(anonymous_1)
FN:9,(anonymous_2)
FN:11,(anonymous_3)
FN:15,back
FN:16,(anonymous_5)
FNF:6
FNH:6
FNDA:23,useVisualMode
FNDA:8,(anonymous_1)
FNDA:1,(anonymous_2)
FNDA:7,(anonymous_3)
FNDA:3,back
FNDA:3,(anonymous_5)
DA:5,23
DA:7,23
DA:8,8
DA:9,1
DA:11,7
DA:16,3
DA:19,23
LF:7
LH:7
BRDA:7,0,0,7
BRDA:8,1,0,1
BRDA:8,1,1,7
BRF:3
BRH:3
end_of_record
TN:
SF:src/reducers/application.js
FN:5,reducer
FN:27,(anonymous_1)
FN:30,(anonymous_2)
FN:34,(anonymous_3)
FNF:4
FNH:4
FNDA:3,reducer
FNDA:1,(anonymous_1)
FNDA:2,(anonymous_2)
FNDA:2,(anonymous_3)
DA:1,2
DA:2,2
DA:3,2
DA:6,3
DA:8,0
DA:10,1
DA:17,1
DA:22,1
DA:27,1
DA:28,1
DA:30,2
DA:34,1
DA:35,2
DA:43,1
DA:50,1
LF:15
LH:14
BRDA:6,0,0,0
BRDA:6,0,1,1
BRDA:6,0,2,1
BRDA:6,0,3,1
BRDA:19,1,0,1
BRDA:19,1,1,1
BRDA:30,2,0,2
BRDA:30,2,1,0
BRDA:35,3,0,1
BRDA:35,3,1,1
BRF:10
BRH:8
end_of_record
