TN:
SF:src/main.jsx
FNF:0
FNH:0
DA:8,0
DA:9,0
LF:2
LH:0
BRF:0
BRH:0
end_of_record
TN:
SF:src/setupTests.js
FNF:0
FNH:0
LF:0
LH:0
BRF:0
BRH:0
end_of_record
TN:
SF:src/components/Application.jsx
FN:14,Application
FN:25,(anonymous_1)
FNF:2
FNH:2
FNDA:13,Application
FNDA:16,(anonymous_1)
DA:20,13
DA:22,13
DA:24,13
DA:26,16
DA:39,13
LF:5
LH:5
BRF:0
BRH:0
end_of_record
TN:
SF:src/components/Button.jsx
FN:5,Button
FNF:1
FNH:1
FNDA:49,Button
DA:6,49
DA:11,49
LF:2
LH:2
BRF:0
BRH:0
end_of_record
TN:
SF:src/components/DayList.jsx
FN:3,DayList
FN:4,(anonymous_1)
FNF:2
FNH:2
FNDA:13,DayList
FNDA:16,(anonymous_1)
DA:4,13
DA:5,16
DA:16,13
LF:3
LH:3
BRF:0
BRH:0
end_of_record
TN:
SF:src/components/DayListItem.jsx
FN:5,formatSpots
FN:12,DayListItem
FN:21,(anonymous_2)
FNF:3
FNH:2
FNDA:16,formatSpots
FNDA:16,DayListItem
FNDA:0,(anonymous_2)
DA:6,16
DA:7,15
DA:9,1
DA:13,16
DA:18,16
DA:21,0
LF:6
LH:5
BRDA:6,0,0,1
BRDA:6,0,1,15
BRDA:7,1,0,14
BRDA:7,1,1,1
BRF:4
BRH:4
end_of_record
TN:
SF:src/components/InterviewerList.jsx
FN:6,InterviewerList
FN:7,(anonymous_1)
FN:15,(anonymous_2)
FNF:3
FNH:3
FNDA:22,InterviewerList
FNDA:30,(anonymous_1)
FNDA:3,(anonymous_2)
DA:7,22
DA:8,30
DA:15,3
DA:20,22
DA:28,2
LF:5
LH:5
BRF:0
BRH:0
end_of_record
TN:
SF:src/components/InterviewerListItem.jsx
FN:5,InterviewerItem
FNF:1
FNH:1
FNDA:30,InterviewerItem
DA:6,30
DA:10,30
LF:2
LH:2
BRDA:17,0,0,30
BRDA:17,0,1,8
BRF:2
BRH:2
end_of_record
TN:
SF:src/components/Appointment/Confirm.jsx
FN:3,Confirm
FNF:1
FNH:1
FNDA:2,Confirm
DA:4,2
LF:1
LH:1
BRF:0
BRH:0
end_of_record
TN:
SF:src/components/Appointment/Empty.jsx
FN:1,Empty
FNF:1
FNH:1
FNDA:23,Empty
DA:2,23
LF:1
LH:1
BRF:0
BRH:0
end_of_record
TN:
SF:src/components/Appointment/Error.jsx
FN:1,Error
FNF:1
FNH:1
FNDA:2,Error
DA:2,2
LF:1
LH:1
BRF:0
BRH:0
end_of_record
TN:
SF:src/components/Appointment/Form.jsx
FN:6,Form
FN:11,reset
FN:16,cancel
FN:21,validate
FN:39,(anonymous_4)
FN:46,(anonymous_5)
FNF:6
FNH:5
FNDA:22,Form
FNDA:1,reset
FNDA:1,cancel
FNDA:8,validate
FNDA:0,(anonymous_4)
FNDA:4,(anonymous_5)
DA:7,22
DA:8,22
DA:9,22
DA:12,1
DA:13,1
DA:17,1
DA:18,1
DA:22,8
DA:23,2
DA:24,2
DA:27,6
DA:28,2
DA:29,2
DA:32,4
DA:33,4
DA:36,22
DA:39,0
DA:47,4
LF:18
LH:17
BRDA:7,0,0,22
BRDA:7,0,1,13
BRDA:8,1,0,22
BRDA:8,1,1,16
BRDA:22,2,0,2
BRDA:22,2,1,6
BRDA:27,3,0,2
BRDA:27,3,1,4
BRF:8
BRH:8
end_of_record
TN:
SF:src/components/Appointment/Header.jsx
FN:1,Header
FNF:1
FNH:1
FNDA:43,Header
DA:2,43
LF:1
LH:1
BRF:0
BRH:0
end_of_record
TN:
SF:src/components/Appointment/Show.jsx
FN:1,Show
FNF:1
FNH:1
FNDA:8,Show
DA:2,8
LF:1
LH:1
BRDA:9,0,0,8
BRDA:9,0,1,8
BRF:2
BRH:2
end_of_record
TN:
SF:src/components/Appointment/Status.jsx
FN:1,Status
FNF:1
FNH:1
FNDA:5,Status
DA:2,5
LF:1
LH:1
BRF:0
BRH:0
end_of_record
TN:
SF:src/components/Appointment/index.jsx
FN:12,Appointment
FN:28,save
FN:38,(anonymous_2)
FN:39,(anonymous_3)
FN:42,destroy
FN:46,(anonymous_5)
FN:47,(anonymous_6)
FN:54,(anonymous_7)
FN:64,(anonymous_8)
FN:65,(anonymous_9)
FNF:10
FNH:10
FNDA:43,Appointment
FNDA:3,save
FNDA:2,(anonymous_2)
FNDA:1,(anonymous_3)
FNDA:2,destroy
FNDA:1,(anonymous_5)
FNDA:1,(anonymous_6)
FNDA:2,(anonymous_7)
FNDA:2,(anonymous_8)
FNDA:1,(anonymous_9)
DA:14,43
DA:15,43
DA:16,43
DA:17,43
DA:18,43
DA:19,43
DA:20,43
DA:21,43
DA:22,43
DA:24,43
DA:29,3
DA:34,3
DA:36,3
DA:38,2
DA:39,1
DA:43,2
DA:44,2
DA:46,1
DA:47,1
DA:51,43
DA:54,2
DA:64,2
DA:65,1
LF:23
LH:23
BRDA:25,0,0,15
BRDA:25,0,1,28
BRDA:54,1,0,43
BRDA:54,1,1,23
BRDA:55,2,0,43
BRDA:55,2,1,2
BRDA:60,3,0,43
BRDA:60,3,1,8
BRDA:68,4,0,43
BRDA:68,4,1,1
BRDA:77,5,0,43
BRDA:77,5,1,3
BRDA:78,6,0,43
BRDA:78,6,1,2
BRDA:79,7,0,43
BRDA:79,7,1,2
BRDA:86,8,0,43
BRDA:86,8,1,1
BRDA:89,9,0,43
BRDA:89,9,1,1
BRF:20
BRH:20
end_of_record
TN:
SF:src/helpers/selectors.js
FN:1,getAppointmentsForDay
FN:2,(anonymous_1)
FN:6,(anonymous_2)
FN:9,getInterviewersForDay
FN:10,(anonymous_4)
FN:14,(anonymous_5)
FN:17,getInterview
FNF:7
FNH:7
FNDA:18,getAppointmentsForDay
FNDA:14,(anonymous_1)
FNDA:24,(anonymous_2)
FNDA:18,getInterviewersForDay
FNDA:14,(anonymous_4)
FNDA:22,(anonymous_5)
FNDA:18,getInterview
DA:2,18
DA:4,18
DA:6,24
DA:10,18
DA:12,18
DA:14,22
DA:18,18
LF:7
LH:7
BRDA:4,0,0,7
BRDA:4,0,1,11
BRDA:4,1,0,18
BRDA:4,1,1,12
BRDA:12,2,0,7
BRDA:12,2,1,11
BRDA:12,3,0,18
BRDA:12,3,1,12
BRDA:19,4,0,18
BRDA:19,4,1,9
BRF:10
BRH:10
end_of_record
TN:
SF:src/hooks/useApplicationData.js
FN:11,useApplicationData
FN:19,(anonymous_1)
FN:21,(anonymous_2)
FN:27,(anonymous_3)
FN:37,bookInterview
FN:38,(anonymous_5)
FN:47,cancelInterview
FN:48,(anonymous_7)
FNF:8
FNH:7
FNDA:13,useApplicationData
FNDA:0,(anonymous_1)
FNDA:5,(anonymous_2)
FNDA:5,(anonymous_3)
FNDA:3,bookInterview
FNDA:2,(anonymous_5)
FNDA:2,cancelInterview
FNDA:1,(anonymous_7)
DA:12,13
DA:19,13
DA:21,13
DA:22,5
DA:28,5
DA:38,3
DA:39,2
DA:48,2
DA:49,1
DA:57,13
LF:10
LH:10
BRF:0
BRH:0
end_of_record
TN:
SF:src/hooks/useRealtimeUpdate.js
FN:4,useRealtimeUpdate
FN:5,(anonymous_1)
FN:8,(anonymous_2)
FN:16,(anonymous_3)
FNF:4
FNH:0
FNDA:0,useRealtimeUpdate
FNDA:0,(anonymous_1)
FNDA:0,(anonymous_2)
FNDA:0,(anonymous_3)
DA:5,0
DA:6,0
DA:8,0
DA:9,0
DA:11,0
DA:12,0
DA:16,0
DA:17,0
LF:8
LH:0
BRDA:11,0,0,0
BRDA:11,0,1,0
BRDA:11,1,0,0
BRDA:11,1,1,0
BRF:4
BRH:0
end_of_record
TN:
SF:src/hooks/useVisualMode.js
FN:3,useVisualMode
FN:7,(anonymous_1)
FN:9,(anonymous_2)
FN:11,(anonymous_3)
FN:15,back
FN:16,(anonymous_5)
FNF:6
FNH:6
FNDA:55,useVisualMode
FNDA:20,(anonymous_1)
FNDA:5,(anonymous_2)
FNDA:15,(anonymous_3)
FNDA:3,back
FNDA:3,(anonymous_5)
DA:5,55
DA:7,55
DA:8,20
DA:9,5
DA:11,15
DA:16,3
DA:19,55
LF:7
LH:7
BRDA:7,0,0,15
BRDA:8,1,0,5
BRDA:8,1,1,15
BRF:3
BRH:3
end_of_record
TN:
SF:src/reducers/application.js
FN:5,reducer
FN:27,(anonymous_1)
FN:30,(anonymous_2)
FN:34,(anonymous_3)
FNF:4
FNH:4
FNDA:9,reducer
FNDA:3,(anonymous_1)
FNDA:6,(anonymous_2)
FNDA:6,(anonymous_3)
DA:1,2
DA:2,2
DA:3,2
DA:6,9
DA:8,0
DA:10,5
DA:17,3
DA:22,3
DA:27,3
DA:28,3
DA:30,6
DA:34,3
DA:35,6
DA:43,3
DA:50,1
LF:15
LH:14
BRDA:6,0,0,0
BRDA:6,0,1,5
BRDA:6,0,2,3
BRDA:6,0,3,1
BRDA:19,1,0,3
BRDA:19,1,1,2
BRDA:30,2,0,3
BRDA:30,2,1,3
BRDA:35,3,0,3
BRDA:35,3,1,3
BRF:10
BRH:9
end_of_record
